[06-06-2024 13:28:07] PideShop server started.
[06-06-2024 13:28:10] Order cooked and placed in oven.
[06-06-2024 13:28:11] Order cooked and placed in oven.
[06-06-2024 13:28:12] Order delivered.
[06-06-2024 13:28:12] Order delivered.
[06-06-2024 13:28:12] Order delivered.
[06-06-2024 13:28:12] Order delivered.
[06-06-2024 13:28:12] Order delivered.
[06-06-2024 13:28:12] Order delivered.
[06-06-2024 13:28:12] Order cooked and placed in oven.
[06-06-2024 13:28:13] Order cooked and placed in oven.
[06-06-2024 13:28:14] Order cooked and placed in oven.
[06-06-2024 13:28:15] Order cooked and placed in oven.
[06-06-2024 13:28:16] Order cooked and placed in oven.
[06-06-2024 13:28:17] Order delivered.
[06-06-2024 13:28:17] Order delivered.
[06-06-2024 13:28:17] Order delivered.
[06-06-2024 13:28:17] Order delivered.
[06-06-2024 13:28:17] Order delivered.
[06-06-2024 13:28:17] Order delivered.
[06-06-2024 13:28:17] Order cooked and placed in oven.
[06-06-2024 13:28:18] Order cooked and placed in oven.
[06-06-2024 13:28:19] Order cooked and placed in oven.
[06-06-2024 13:28:20] Order cooked and placed in oven.
[06-06-2024 13:28:21] Order cooked and placed in oven.
[06-06-2024 13:28:22] Order delivered.
[06-06-2024 13:28:22] Order delivered.
[06-06-2024 13:28:22] Order delivered.
[06-06-2024 13:28:22] Order delivered.
[06-06-2024 13:28:22] Order delivered.
[06-06-2024 13:28:22] Order delivered.
[06-06-2024 13:28:22] Order cooked and placed in oven.
[06-06-2024 13:28:23] Order cooked and placed in oven.
[06-06-2024 13:28:24] Order cooked and placed in oven.
[06-06-2024 13:28:25] Order cooked and placed in oven.
[06-06-2024 13:28:26] Order cooked and placed in oven.
[06-06-2024 13:28:27] Order delivered.
[06-06-2024 13:28:27] Order delivered.
[06-06-2024 13:28:27] Order delivered.
[06-06-2024 13:28:27] Order delivered.
[06-06-2024 13:28:27] Order delivered.
[06-06-2024 13:28:27] Order delivered.
[06-06-2024 13:28:27] Order cooked and placed in oven.
[06-06-2024 13:28:28] Order cooked and placed in oven.
[06-06-2024 13:28:29] Order cooked and placed in oven.
[06-06-2024 13:28:30] Order cooked and placed in oven.
[06-06-2024 13:28:31] Order cooked and placed in oven.
[06-06-2024 13:28:32] Order delivered.
[06-06-2024 13:28:32] Order delivered.
[06-06-2024 13:28:32] Order delivered.
[06-06-2024 13:28:32] Order delivered.
[06-06-2024 13:28:32] Order delivered.
[06-06-2024 13:28:32] Order delivered.
[06-06-2024 13:28:32] Order cooked and placed in oven.
[06-06-2024 13:28:33] Order cooked and placed in oven.
[06-06-2024 13:28:34] Order cooked and placed in oven.
[06-06-2024 13:28:35] Order cooked and placed in oven.
[06-06-2024 13:28:36] Order cooked and placed in oven.
[06-06-2024 13:28:37] Order delivered.
[06-06-2024 13:28:37] Order delivered.
[06-06-2024 13:28:37] Order delivered.
[06-06-2024 13:28:37] Order delivered.
[06-06-2024 13:28:37] Order delivered.
[06-06-2024 13:28:37] Order delivered.
[06-06-2024 13:28:37] Order cooked and placed in oven.
[06-06-2024 13:28:38] Order cooked and placed in oven.
[06-06-2024 13:28:39] Order cooked and placed in oven.
[06-06-2024 13:28:40] Order cooked and placed in oven.
[06-06-2024 13:28:41] Order cooked and placed in oven.
[06-06-2024 13:28:42] Order delivered.
[06-06-2024 13:28:42] Order delivered.
[06-06-2024 13:28:42] Order delivered.
[06-06-2024 13:28:42] Order delivered.
[06-06-2024 13:28:42] Order delivered.
[06-06-2024 13:28:42] Order delivered.
[06-06-2024 13:28:42] Order cooked and placed in oven.
[06-06-2024 13:28:43] Order cooked and placed in oven.
[06-06-2024 13:28:44] Order cooked and placed in oven.
[06-06-2024 13:28:45] Order cooked and placed in oven.
[06-06-2024 13:28:46] Order cooked and placed in oven.
[06-06-2024 13:28:47] Order delivered.
[06-06-2024 13:28:47] Order delivered.
[06-06-2024 13:28:47] Order delivered.
[06-06-2024 13:28:47] Order delivered.
[06-06-2024 13:28:47] Order delivered.
[06-06-2024 13:28:47] Order delivered.
[06-06-2024 13:28:47] Order cooked and placed in oven.
[06-06-2024 13:28:48] Order cooked and placed in oven.
[06-06-2024 13:28:49] Order cooked and placed in oven.
[06-06-2024 13:28:50] Order cooked and placed in oven.
[06-06-2024 13:28:51] Order cooked and placed in oven.
[06-06-2024 13:28:52] Order delivered.
[06-06-2024 13:28:52] Order delivered.
[06-06-2024 13:28:52] Order delivered.
[06-06-2024 13:28:52] Order delivered.
[06-06-2024 13:28:52] Order delivered.
[06-06-2024 13:28:52] Order delivered.
[06-06-2024 13:28:52] Order cooked and placed in oven.
[06-06-2024 13:28:53] Order cooked and placed in oven.
[06-06-2024 13:28:54] Order cooked and placed in oven.
[06-06-2024 13:28:55] Order cooked and placed in oven.
[06-06-2024 13:28:56] Order cooked and placed in oven.
[06-06-2024 13:28:57] Order delivered.
[06-06-2024 13:28:57] Order delivered.
[06-06-2024 13:28:57] Order delivered.
[06-06-2024 13:28:57] Order delivered.
[06-06-2024 13:28:57] Order delivered.
[06-06-2024 13:28:57] Order delivered.
[06-06-2024 13:28:57] Order cooked and placed in oven.
[06-06-2024 13:28:58] Order cooked and placed in oven.
[06-06-2024 13:28:59] Order cooked and placed in oven.
[06-06-2024 13:29:00] Order cooked and placed in oven.
[06-06-2024 13:29:01] Order cooked and placed in oven.
[06-06-2024 13:29:02] Order delivered.
[06-06-2024 13:29:02] Order delivered.
[06-06-2024 13:29:02] Order delivered.
[06-06-2024 13:29:02] Order delivered.
[06-06-2024 13:29:02] Order delivered.
[06-06-2024 13:29:02] Order delivered.
[06-06-2024 13:29:02] Order cooked and placed in oven.
[06-06-2024 13:29:03] Order cooked and placed in oven.
[06-06-2024 13:29:04] Order cooked and placed in oven.
[06-06-2024 13:29:05] Order cooked and placed in oven.
[06-06-2024 13:29:06] Order cooked and placed in oven.
[06-06-2024 13:29:07] Order delivered.
[06-06-2024 13:29:07] Order delivered.
[06-06-2024 13:29:07] Order delivered.
[06-06-2024 13:29:07] Order delivered.
[06-06-2024 13:29:07] Order delivered.
[06-06-2024 13:29:07] Order delivered.
[06-06-2024 13:29:07] Order cooked and placed in oven.
[06-06-2024 13:29:08] Order cooked and placed in oven.
[06-06-2024 13:29:09] Order cooked and placed in oven.
[06-06-2024 13:29:10] Order cooked and placed in oven.
[06-06-2024 13:29:11] Order cooked and placed in oven.
[06-06-2024 13:29:12] Order delivered.
[06-06-2024 13:29:12] Order delivered.
[06-06-2024 13:29:12] Order delivered.
[06-06-2024 13:29:12] Order delivered.
[06-06-2024 13:29:12] Order delivered.
[06-06-2024 13:29:12] Order delivered.
[06-06-2024 13:29:12] Order cooked and placed in oven.
[06-06-2024 13:29:13] Order cooked and placed in oven.
[06-06-2024 13:29:14] Order cooked and placed in oven.
[06-06-2024 13:29:15] Order cooked and placed in oven.
[06-06-2024 13:29:16] Order cooked and placed in oven.
[06-06-2024 13:29:17] Order delivered.
[06-06-2024 13:29:17] Order delivered.
[06-06-2024 13:29:17] Order delivered.
[06-06-2024 13:29:17] Order delivered.
[06-06-2024 13:29:17] Order delivered.
[06-06-2024 13:29:17] Order delivered.
[06-06-2024 13:29:17] Order cooked and placed in oven.
[06-06-2024 13:29:18] Order cooked and placed in oven.
[06-06-2024 13:29:19] Order cooked and placed in oven.
[06-06-2024 13:29:20] Order cooked and placed in oven.
[06-06-2024 13:29:21] Order cooked and placed in oven.
[06-06-2024 13:29:22] Order delivered.
[06-06-2024 13:29:22] Order delivered.
[06-06-2024 13:29:22] Order delivered.
[06-06-2024 13:29:22] Order delivered.
[06-06-2024 13:29:22] Order delivered.
[06-06-2024 13:29:22] Order delivered.
[06-06-2024 13:29:22] Order cooked and placed in oven.
[06-06-2024 13:29:23] Order cooked and placed in oven.
[06-06-2024 13:29:24] Order cooked and placed in oven.
[06-06-2024 13:29:25] Order cooked and placed in oven.
[06-06-2024 13:29:26] Order cooked and placed in oven.
[06-06-2024 13:29:27] Order delivered.
[06-06-2024 13:29:27] Order delivered.
[06-06-2024 13:29:27] Order delivered.
[06-06-2024 13:29:27] Order delivered.
[06-06-2024 13:29:27] Order delivered.
[06-06-2024 13:29:27] Order delivered.
[06-06-2024 13:29:27] Order cooked and placed in oven.
[06-06-2024 13:29:28] Order cooked and placed in oven.
[06-06-2024 13:29:29] Order cooked and placed in oven.
[06-06-2024 13:29:30] Order cooked and placed in oven.
[06-06-2024 13:29:31] Order cooked and placed in oven.
[06-06-2024 13:29:32] Order delivered.
[06-06-2024 13:29:32] Order delivered.
[06-06-2024 13:29:32] Order delivered.
[06-06-2024 13:29:32] Order delivered.
[06-06-2024 13:29:32] Order delivered.
[06-06-2024 13:29:32] Order delivered.
[06-06-2024 13:29:32] Order cooked and placed in oven.
[06-06-2024 13:29:33] Order cooked and placed in oven.
[06-06-2024 13:29:34] Order cooked and placed in oven.
[06-06-2024 13:29:35] Order cooked and placed in oven.
[06-06-2024 13:29:36] Order cooked and placed in oven.
[06-06-2024 13:29:37] Order delivered.
[06-06-2024 13:29:37] Order delivered.
[06-06-2024 13:29:37] Order delivered.
[06-06-2024 13:29:37] Order delivered.
[06-06-2024 13:29:37] Order delivered.
[06-06-2024 13:29:37] Order delivered.
[06-06-2024 13:29:37] Order cooked and placed in oven.
[06-06-2024 13:29:38] Order cooked and placed in oven.
[06-06-2024 13:29:39] Order cooked and placed in oven.
[06-06-2024 13:29:40] Order cooked and placed in oven.
[06-06-2024 13:29:41] Order cooked and placed in oven.
[06-06-2024 13:29:42] Order delivered.
[06-06-2024 13:29:42] Order delivered.
[06-06-2024 13:29:42] Order delivered.
[06-06-2024 13:29:42] Order delivered.
[06-06-2024 13:29:42] Order delivered.
[06-06-2024 13:29:42] Order delivered.
[06-06-2024 13:29:42] Order cooked and placed in oven.
[06-06-2024 13:29:43] Order cooked and placed in oven.
[06-06-2024 13:29:44] Order cooked and placed in oven.
[06-06-2024 13:29:45] Order cooked and placed in oven.
[06-06-2024 13:29:46] Order cooked and placed in oven.
[06-06-2024 13:29:46] Server shutting down...
[06-06-2024 13:30:57] PideShop server started.
[06-06-2024 13:31:00] Order cooked and placed in oven.
[06-06-2024 13:31:01] Order cooked and placed in oven.
[06-06-2024 13:31:02] Order delivered.
[06-06-2024 13:31:02] Order delivered.
[06-06-2024 13:31:02] Order delivered.
[06-06-2024 13:31:02] Order delivered.
[06-06-2024 13:31:02] Order delivered.
[06-06-2024 13:31:02] Order delivered.
[06-06-2024 13:31:02] Order cooked and placed in oven.
[06-06-2024 13:31:03] Order cooked and placed in oven.
[06-06-2024 13:31:04] Order from client 0 at location (6, 3)
[06-06-2024 13:31:04] Order from client 1 at location (5, 17)
[06-06-2024 13:31:04] Order from client 2 at location (5, 13)
[06-06-2024 13:31:04] Order from client 3 at location (2, 6)
[06-06-2024 13:31:04] Order from client 4 at location (1, 9)
[06-06-2024 13:31:04] Order from client 5 at location (7, 2)
[06-06-2024 13:31:04] Order from client 6 at location (9, 10)
[06-06-2024 13:31:04] Order from client 7 at location (6, 3)
[06-06-2024 13:31:04] Order from client 8 at location (6, 0)
[06-06-2024 13:31:04] Order from client 9 at location (6, 12)
[06-06-2024 13:31:04] Order from client 10 at location (8, 11)
[06-06-2024 13:31:04] Order from client 11 at location (9, 7)
[06-06-2024 13:31:04] Order from client 12 at location (0, 2)
[06-06-2024 13:31:04] Order from client 16 at location (8, 2)
[06-06-2024 13:31:04] Order from client 17 at location (7, 9)
[06-06-2024 13:31:04] Order from client 15 at location (2, 9)
[06-06-2024 13:31:04] Order from client 20 at location (3, 9)
[06-06-2024 13:31:04] Order from client 14 at location (5, 7)
[06-06-2024 13:31:04] Order from client 21 at location (9, 1)
[06-06-2024 13:31:04] Order from client 22 at location (7, 4)
[06-06-2024 13:31:04] Order from client 13 at location (3, 2)
[06-06-2024 13:31:04] Order from client 18 at location (6, 13)
[06-06-2024 13:31:04] Order from client 19 at location (2, 11)
[06-06-2024 13:31:04] Order from client 23 at location (4, 18)
[06-06-2024 13:31:04] Order from client 26 at location (0, 11)
[06-06-2024 13:31:04] Order from client 24 at location (0, 15)
[06-06-2024 13:31:04] Order from client 25 at location (6, 13)
[06-06-2024 13:31:04] Order from client 27 at location (3, 16)
[06-06-2024 13:31:04] Order from client 28 at location (0, 2)
[06-06-2024 13:31:04] Order from client 31 at location (7, 4)
[06-06-2024 13:31:04] Order from client 30 at location (5, 5)
[06-06-2024 13:31:04] Order from client 29 at location (1, 16)
[06-06-2024 13:31:04] Order from client 32 at location (5, 16)
[06-06-2024 13:31:04] Order from client 33 at location (9, 6)
[06-06-2024 13:31:04] Order from client 34 at location (7, 13)
[06-06-2024 13:31:04] Order from client 35 at location (5, 4)
[06-06-2024 13:31:04] Order from client 36 at location (5, 2)
[06-06-2024 13:31:04] Order from client 37 at location (7, 14)
[06-06-2024 13:31:04] Order from client 38 at location (4, 14)
[06-06-2024 13:31:04] Order from client 39 at location (0, 3)
[06-06-2024 13:31:04] Order from client 40 at location (8, 7)
[06-06-2024 13:31:04] Order from client 41 at location (8, 16)
[06-06-2024 13:31:04] Order from client 42 at location (4, 8)
[06-06-2024 13:31:04] Order from client 43 at location (1, 3)
[06-06-2024 13:31:04] Order from client 44 at location (9, 14)
[06-06-2024 13:31:04] Order from client 45 at location (0, 12)
[06-06-2024 13:31:04] Order from client 46 at location (8, 16)
[06-06-2024 13:31:04] Order from client 47 at location (2, 19)
[06-06-2024 13:31:04] Order from client 48 at location (6, 6)
[06-06-2024 13:31:04] Order from client 49 at location (9, 14)
[06-06-2024 13:31:04] Order cooked and placed in oven.
[06-06-2024 13:31:05] Order cooked and placed in oven.
[06-06-2024 13:31:06] Order cooked and placed in oven.
[06-06-2024 13:31:07] Order delivered.
[06-06-2024 13:31:07] Order delivered.
[06-06-2024 13:31:07] Order delivered.
[06-06-2024 13:31:07] Order delivered.
[06-06-2024 13:31:07] Order delivered.
[06-06-2024 13:31:07] Order delivered.
[06-06-2024 13:31:07] Order cooked and placed in oven.
[06-06-2024 13:31:08] Order cooked and placed in oven.
[06-06-2024 13:31:09] Order cooked and placed in oven.
[06-06-2024 13:31:10] Order cooked and placed in oven.
[06-06-2024 13:31:11] Order cooked and placed in oven.
[06-06-2024 13:31:12] Order delivered.
[06-06-2024 13:31:12] Order delivered.
[06-06-2024 13:31:12] Order delivered.
[06-06-2024 13:31:12] Order delivered.
[06-06-2024 13:31:12] Order delivered.
[06-06-2024 13:31:12] Order delivered.
[06-06-2024 13:31:12] Order cooked and placed in oven.
[06-06-2024 13:31:13] Order cooked and placed in oven.
[06-06-2024 13:31:14] Order cooked and placed in oven.
[06-06-2024 13:31:15] Order cooked and placed in oven.
[06-06-2024 13:31:16] Order cooked and placed in oven.
[06-06-2024 13:31:17] Order delivered.
[06-06-2024 13:31:17] Order delivered.
[06-06-2024 13:31:17] Order delivered.
[06-06-2024 13:31:17] Order delivered.
[06-06-2024 13:31:17] Order delivered.
[06-06-2024 13:31:17] Order delivered.
[06-06-2024 13:31:17] Order cooked and placed in oven.
[06-06-2024 13:31:18] Order cooked and placed in oven.
[06-06-2024 13:31:19] Order cooked and placed in oven.
[06-06-2024 13:31:20] Order cooked and placed in oven.
[06-06-2024 13:31:21] Order cooked and placed in oven.
[06-06-2024 13:31:22] Order delivered.
[06-06-2024 13:31:22] Order delivered.
[06-06-2024 13:31:22] Order delivered.
[06-06-2024 13:31:22] Order delivered.
[06-06-2024 13:31:22] Order delivered.
[06-06-2024 13:31:22] Order delivered.
[06-06-2024 13:31:22] Order cooked and placed in oven.
[06-06-2024 13:31:23] Order cooked and placed in oven.
[06-06-2024 13:31:24] Order cooked and placed in oven.
[06-06-2024 13:31:25] Order cooked and placed in oven.
[06-06-2024 13:31:26] Order cooked and placed in oven.
[06-06-2024 13:31:27] Order delivered.
[06-06-2024 13:31:27] Order delivered.
[06-06-2024 13:31:27] Order delivered.
[06-06-2024 13:31:27] Order delivered.
[06-06-2024 13:31:27] Order delivered.
[06-06-2024 13:31:27] Order delivered.
[06-06-2024 13:31:27] Order cooked and placed in oven.
[06-06-2024 13:31:28] Order cooked and placed in oven.
[06-06-2024 13:31:29] Order cooked and placed in oven.
[06-06-2024 13:31:29] Server shutting down...
[06-06-2024 13:32:40] PideShop server started.
[06-06-2024 13:32:42] Order from client 0 at location (6, 3)
[06-06-2024 13:32:42] Order from client 2 at location (5, 13)
[06-06-2024 13:32:42] Order from client 1 at location (5, 17)
[06-06-2024 13:32:42] Order from client 6 at location (9, 10)
[06-06-2024 13:32:42] Order from client 8 at location (6, 0)
[06-06-2024 13:32:42] Order from client 5 at location (7, 2)
[06-06-2024 13:32:42] Order from client 3 at location (2, 6)
[06-06-2024 13:32:42] Order from client 13 at location (3, 2)
[06-06-2024 13:32:42] Order from client 14 at location (5, 7)
[06-06-2024 13:32:42] Order from client 9 at location (6, 12)
[06-06-2024 13:32:42] Order from client 10 at location (8, 11)
[06-06-2024 13:32:42] Order from client 11 at location (9, 7)
[06-06-2024 13:32:42] Order from client 12 at location (0, 2)
[06-06-2024 13:32:42] Order from client 7 at location (6, 3)
[06-06-2024 13:32:42] Order from client 4 at location (1, 9)
[06-06-2024 13:32:42] Order from client 15 at location (2, 9)
[06-06-2024 13:32:42] Order from client 16 at location (8, 2)
[06-06-2024 13:32:42] Order from client 17 at location (7, 9)
[06-06-2024 13:32:42] Order from client 18 at location (6, 13)
[06-06-2024 13:32:42] Order from client 19 at location (2, 11)
[06-06-2024 13:32:42] Order from client 20 at location (3, 9)
[06-06-2024 13:32:42] Order from client 21 at location (9, 1)
[06-06-2024 13:32:42] Order from client 22 at location (7, 4)
[06-06-2024 13:32:42] Order from client 23 at location (4, 18)
[06-06-2024 13:32:42] Order from client 24 at location (0, 15)
[06-06-2024 13:32:42] Order from client 25 at location (6, 13)
[06-06-2024 13:32:42] Order from client 26 at location (0, 11)
[06-06-2024 13:32:42] Order from client 27 at location (3, 16)
[06-06-2024 13:32:42] Order from client 28 at location (0, 2)
[06-06-2024 13:32:42] Order from client 36 at location (5, 2)
[06-06-2024 13:32:42] Order from client 30 at location (5, 5)
[06-06-2024 13:32:42] Order from client 31 at location (7, 4)
[06-06-2024 13:32:42] Order from client 32 at location (5, 16)
[06-06-2024 13:32:42] Order from client 33 at location (9, 6)
[06-06-2024 13:32:42] Order from client 34 at location (7, 13)
[06-06-2024 13:32:42] Order from client 35 at location (5, 4)
[06-06-2024 13:32:42] Order from client 29 at location (1, 16)
[06-06-2024 13:32:42] Order from client 37 at location (7, 14)
[06-06-2024 13:32:42] Order from client 38 at location (4, 14)
[06-06-2024 13:32:42] Order from client 39 at location (0, 3)
[06-06-2024 13:32:42] Order from client 40 at location (8, 7)
[06-06-2024 13:32:42] Order from client 41 at location (8, 16)
[06-06-2024 13:32:42] Order from client 42 at location (4, 8)
[06-06-2024 13:32:42] Order from client 43 at location (1, 3)
[06-06-2024 13:32:42] Order from client 44 at location (9, 14)
[06-06-2024 13:32:42] Order from client 45 at location (0, 12)
[06-06-2024 13:32:42] Order from client 46 at location (8, 16)
[06-06-2024 13:32:42] Order from client 47 at location (2, 19)
[06-06-2024 13:32:42] Order from client 48 at location (6, 6)
[06-06-2024 13:32:42] Order from client 49 at location (9, 14)
[06-06-2024 13:32:43] Order cooked and placed in oven.
[06-06-2024 13:32:44] Order cooked and placed in oven.
[06-06-2024 13:32:45] Order delivered.
[06-06-2024 13:32:45] Order delivered.
[06-06-2024 13:32:45] Order delivered.
[06-06-2024 13:32:45] Order delivered.
[06-06-2024 13:32:45] Order delivered.
[06-06-2024 13:32:45] Order delivered.
[06-06-2024 13:32:45] Order cooked and placed in oven.
[06-06-2024 13:32:46] Order cooked and placed in oven.
[06-06-2024 13:32:47] Order cooked and placed in oven.
[06-06-2024 13:32:48] Order cooked and placed in oven.
[06-06-2024 13:32:49] Order cooked and placed in oven.
[06-06-2024 13:32:49] Server shutting down...
[06-06-2024 13:37:13] PideShop server started.
[06-06-2024 13:37:16] Order from client 0 at location (6, 3)
[06-06-2024 13:37:16] Order cooked and placed in oven.
[06-06-2024 13:37:17] Order cooked and placed in oven.
[06-06-2024 13:37:18] Order delivered.
[06-06-2024 13:37:18] Order delivered.
[06-06-2024 13:37:18] Order delivered.
[06-06-2024 13:37:18] Order cooked and placed in oven.
[06-06-2024 13:37:18] Order delivered.
[06-06-2024 13:37:18] Order delivered.
[06-06-2024 13:37:18] Order delivered.
[06-06-2024 13:37:19] Order cooked and placed in oven.
[06-06-2024 13:37:20] Order cooked and placed in oven.
[06-06-2024 13:37:21] Order cooked and placed in oven.
[06-06-2024 13:37:22] Order cooked and placed in oven.
[06-06-2024 13:37:23] Order delivered.
[06-06-2024 13:37:23] Order delivered.
[06-06-2024 13:37:23] Order delivered.
[06-06-2024 13:37:23] Order delivered.
[06-06-2024 13:37:23] Order delivered.
[06-06-2024 13:37:23] Order delivered.
[06-06-2024 13:37:23] Order cooked and placed in oven.
[06-06-2024 13:37:24] Order cooked and placed in oven.
[06-06-2024 13:37:25] Order cooked and placed in oven.
[06-06-2024 13:37:26] Order cooked and placed in oven.
[06-06-2024 13:37:27] Order cooked and placed in oven.
[06-06-2024 13:37:28] Order delivered.
[06-06-2024 13:37:28] Order delivered.
[06-06-2024 13:37:28] Order delivered.
[06-06-2024 13:37:28] Order delivered.
[06-06-2024 13:37:28] Order delivered.
[06-06-2024 13:37:28] Order delivered.
[06-06-2024 13:37:28] Order cooked and placed in oven.
[06-06-2024 13:37:29] Order cooked and placed in oven.
[06-06-2024 13:37:30] Order cooked and placed in oven.
[06-06-2024 13:37:31] Order cooked and placed in oven.
[06-06-2024 13:37:32] Order cooked and placed in oven.
[06-06-2024 13:37:33] Server shutting down...
[06-06-2024 13:43:55] PideShop server started.
[06-06-2024 13:43:58] Order cooked and placed in oven.
[06-06-2024 13:43:59] Order cooked and placed in oven.
[06-06-2024 13:44:00] Order delivered.
[06-06-2024 13:44:00] Order delivered.
[06-06-2024 13:44:00] Order delivered.
[06-06-2024 13:44:00] Order delivered.
[06-06-2024 13:44:00] Order delivered.
[06-06-2024 13:44:00] Order delivered.
[06-06-2024 13:44:00] Order cooked and placed in oven.
[06-06-2024 13:44:01] Order cooked and placed in oven.
[06-06-2024 13:44:02] Order cooked and placed in oven.
[06-06-2024 13:44:03] Order from client 0 at location (6, 3)
[06-06-2024 13:44:03] Order from client 1 at location (5, 17)
[06-06-2024 13:44:03] Order from client 2 at location (5, 13)
[06-06-2024 13:44:03] Order from client 3 at location (2, 6)
[06-06-2024 13:44:03] Order from client 4 at location (1, 9)
[06-06-2024 13:44:03] Order from client 7 at location (6, 3)
[06-06-2024 13:44:03] Order from client 6 at location (9, 10)
[06-06-2024 13:44:03] Order from client 8 at location (6, 0)
[06-06-2024 13:44:03] Order from client 5 at location (7, 2)
[06-06-2024 13:44:03] Order from client 9 at location (6, 12)
[06-06-2024 13:44:03] Order from client 10 at location (8, 11)
[06-06-2024 13:44:03] Order from client 11 at location (9, 7)
[06-06-2024 13:44:03] Order from client 12 at location (0, 2)
[06-06-2024 13:44:03] Order from client 13 at location (3, 2)
[06-06-2024 13:44:03] Order from client 14 at location (5, 7)
[06-06-2024 13:44:03] Order from client 15 at location (2, 9)
[06-06-2024 13:44:03] Order from client 16 at location (8, 2)
[06-06-2024 13:44:03] Order from client 20 at location (3, 9)
[06-06-2024 13:44:03] Order from client 18 at location (6, 13)
[06-06-2024 13:44:03] Order from client 22 at location (7, 4)
[06-06-2024 13:44:03] Order from client 23 at location (4, 18)
[06-06-2024 13:44:03] Order from client 21 at location (9, 1)
[06-06-2024 13:44:03] Order from client 19 at location (2, 11)
[06-06-2024 13:44:03] Order from client 17 at location (7, 9)
[06-06-2024 13:44:03] Order from client 24 at location (0, 15)
[06-06-2024 13:44:03] Order from client 25 at location (6, 13)
[06-06-2024 13:44:03] Order from client 26 at location (0, 11)
[06-06-2024 13:44:03] Order from client 27 at location (3, 16)
[06-06-2024 13:44:03] Order from client 28 at location (0, 2)
[06-06-2024 13:44:03] Order from client 29 at location (1, 16)
[06-06-2024 13:44:03] Order from client 30 at location (5, 5)
[06-06-2024 13:44:03] Order from client 32 at location (5, 16)
[06-06-2024 13:44:03] Order from client 33 at location (9, 6)
[06-06-2024 13:44:03] Order from client 35 at location (5, 4)
[06-06-2024 13:44:03] Order from client 31 at location (7, 4)
[06-06-2024 13:44:03] Order from client 34 at location (7, 13)
[06-06-2024 13:44:03] Order from client 36 at location (5, 2)
[06-06-2024 13:44:03] Order from client 38 at location (4, 14)
[06-06-2024 13:44:03] Order from client 37 at location (7, 14)
[06-06-2024 13:44:03] Order from client 39 at location (0, 3)
[06-06-2024 13:44:03] Order from client 40 at location (8, 7)
[06-06-2024 13:44:03] Order from client 41 at location (8, 16)
[06-06-2024 13:44:03] Order from client 42 at location (4, 8)
[06-06-2024 13:44:03] Order from client 43 at location (1, 3)
[06-06-2024 13:44:03] Order from client 44 at location (9, 14)
[06-06-2024 13:44:03] Order from client 45 at location (0, 12)
[06-06-2024 13:44:03] Order from client 46 at location (8, 16)
[06-06-2024 13:44:03] Order from client 47 at location (2, 19)
[06-06-2024 13:44:03] Order from client 48 at location (6, 6)
[06-06-2024 13:44:03] Order from client 49 at location (9, 14)
[06-06-2024 13:44:03] Order cooked and placed in oven.
[06-06-2024 13:44:04] Order cooked and placed in oven.
[06-06-2024 13:44:05] Order delivered.
[06-06-2024 13:44:05] Order delivered.
[06-06-2024 13:44:05] Order delivered.
[06-06-2024 13:44:05] Order delivered.
[06-06-2024 13:44:05] Order delivered.
[06-06-2024 13:44:05] Order delivered.
[06-06-2024 13:44:05] Order cooked and placed in oven.
[06-06-2024 13:44:06] Order cooked and placed in oven.
[06-06-2024 13:44:07] Order cooked and placed in oven.
[06-06-2024 13:44:08] Order cooked and placed in oven.
[06-06-2024 13:44:09] Order cooked and placed in oven.
[06-06-2024 13:44:10] Order delivered.
[06-06-2024 13:44:10] Order delivered.
[06-06-2024 13:44:10] Order delivered.
[06-06-2024 13:44:10] Order delivered.
[06-06-2024 13:44:10] Order delivered.
[06-06-2024 13:44:10] Order delivered.
[06-06-2024 13:44:10] Order cooked and placed in oven.
[06-06-2024 13:44:11] Order cooked and placed in oven.
[06-06-2024 13:44:12] Order cooked and placed in oven.
[06-06-2024 13:44:13] Order cooked and placed in oven.
[06-06-2024 13:44:14] Order cooked and placed in oven.
[06-06-2024 13:44:15] Order delivered.
[06-06-2024 13:44:15] Order delivered.
[06-06-2024 13:44:15] Order delivered.
[06-06-2024 13:44:15] Order delivered.
[06-06-2024 13:44:15] Order delivered.
[06-06-2024 13:44:15] Order delivered.
[06-06-2024 13:44:15] Order cooked and placed in oven.
[06-06-2024 13:44:16] Order cooked and placed in oven.
[06-06-2024 13:44:17] Order cooked and placed in oven.
[06-06-2024 13:44:18] Order cooked and placed in oven.
[06-06-2024 13:44:19] Order cooked and placed in oven.
[06-06-2024 13:44:20] Order delivered.
[06-06-2024 13:44:20] Order delivered.
[06-06-2024 13:44:20] Order delivered.
[06-06-2024 13:44:20] Order delivered.
[06-06-2024 13:44:20] Order delivered.
[06-06-2024 13:44:20] Order delivered.
[06-06-2024 13:44:20] Order cooked and placed in oven.
[06-06-2024 13:44:21] Order from client 0 at location (6, 3)
[06-06-2024 13:44:21] Order from client 1 at location (5, 17)
[06-06-2024 13:44:21] Order from client 2 at location (5, 13)
[06-06-2024 13:44:21] Order from client 3 at location (2, 6)
[06-06-2024 13:44:21] Order from client 5 at location (7, 2)
[06-06-2024 13:44:21] Order from client 7 at location (6, 3)
[06-06-2024 13:44:21] Order from client 4 at location (1, 9)
[06-06-2024 13:44:21] Order from client 8 at location (6, 0)
[06-06-2024 13:44:21] Order from client 6 at location (9, 10)
[06-06-2024 13:44:21] Order from client 9 at location (6, 12)
[06-06-2024 13:44:21] Order cooked and placed in oven.
[06-06-2024 13:44:22] Order cooked and placed in oven.
[06-06-2024 13:44:23] Order cooked and placed in oven.
[06-06-2024 13:44:24] Order cooked and placed in oven.
[06-06-2024 13:44:25] Order delivered.
[06-06-2024 13:44:25] Order cooked and placed in oven.
[06-06-2024 13:44:25] Order delivered.
[06-06-2024 13:44:25] Order delivered.
[06-06-2024 13:44:25] Order delivered.
[06-06-2024 13:44:25] Order delivered.
[06-06-2024 13:44:25] Order delivered.
[06-06-2024 13:44:26] Order cooked and placed in oven.
[06-06-2024 13:44:27] Order cooked and placed in oven.
[06-06-2024 13:44:28] Order cooked and placed in oven.
[06-06-2024 13:44:29] Order cooked and placed in oven.
[06-06-2024 13:44:30] Order delivered.
[06-06-2024 13:44:30] Order cooked and placed in oven.
[06-06-2024 13:44:30] Order delivered.
[06-06-2024 13:44:30] Order delivered.
[06-06-2024 13:44:30] Order delivered.
[06-06-2024 13:44:30] Order delivered.
[06-06-2024 13:44:30] Order delivered.
[06-06-2024 13:44:31] Order cooked and placed in oven.
[06-06-2024 13:44:32] Order cooked and placed in oven.
[06-06-2024 13:44:33] Order cooked and placed in oven.
[06-06-2024 13:44:34] Order cooked and placed in oven.
[06-06-2024 13:44:35] Order delivered.
[06-06-2024 13:44:35] Order delivered.
[06-06-2024 13:44:35] Order delivered.
[06-06-2024 13:44:35] Order delivered.
[06-06-2024 13:44:35] Order delivered.
[06-06-2024 13:44:35] Order cooked and placed in oven.
[06-06-2024 13:44:35] Order delivered.
[06-06-2024 13:44:36] Order cooked and placed in oven.
[06-06-2024 13:44:37] Order cooked and placed in oven.
[06-06-2024 13:44:38] Order cooked and placed in oven.
[06-06-2024 13:44:39] Order cooked and placed in oven.
[06-06-2024 13:44:40] Order delivered.
[06-06-2024 13:44:40] Order delivered.
[06-06-2024 13:44:40] Order delivered.
[06-06-2024 13:44:40] Order delivered.
[06-06-2024 13:44:40] Order delivered.
[06-06-2024 13:44:40] Order delivered.
[06-06-2024 13:44:40] Order cooked and placed in oven.
[06-06-2024 13:44:41] Order cooked and placed in oven.
[06-06-2024 13:44:42] Order cooked and placed in oven.
[06-06-2024 13:44:43] Order cooked and placed in oven.
[06-06-2024 13:44:44] Order cooked and placed in oven.
[06-06-2024 13:44:45] Order delivered.
[06-06-2024 13:44:45] Order delivered.
[06-06-2024 13:44:45] Order delivered.
[06-06-2024 13:44:45] Order delivered.
[06-06-2024 13:44:45] Order delivered.
[06-06-2024 13:44:45] Order delivered.
[06-06-2024 13:44:45] Order cooked and placed in oven.
[06-06-2024 13:44:46] Order cooked and placed in oven.
[06-06-2024 13:44:47] Order cooked and placed in oven.
[06-06-2024 13:44:48] Order cooked and placed in oven.
[06-06-2024 13:44:49] Order cooked and placed in oven.
[06-06-2024 13:44:50] Order delivered.
[06-06-2024 13:44:50] Order delivered.
[06-06-2024 13:44:50] Order delivered.
[06-06-2024 13:44:50] Order delivered.
[06-06-2024 13:44:50] Order delivered.
[06-06-2024 13:44:50] Order delivered.
[06-06-2024 13:44:50] Order cooked and placed in oven.
[06-06-2024 13:44:51] Order cooked and placed in oven.
[06-06-2024 13:44:52] Order cooked and placed in oven.
[06-06-2024 13:44:53] Order cooked and placed in oven.
[06-06-2024 13:44:54] Order cooked and placed in oven.
[06-06-2024 13:44:55] Order delivered.
[06-06-2024 13:44:55] Order delivered.
[06-06-2024 13:44:55] Order delivered.
[06-06-2024 13:44:55] Order delivered.
[06-06-2024 13:44:55] Order delivered.
[06-06-2024 13:44:55] Order delivered.
[06-06-2024 13:44:55] Order cooked and placed in oven.
[06-06-2024 13:44:56] Order cooked and placed in oven.
[06-06-2024 13:44:57] Order cooked and placed in oven.
[06-06-2024 13:44:58] Order cooked and placed in oven.
[06-06-2024 13:44:59] Order cooked and placed in oven.
[06-06-2024 13:45:00] Order delivered.
[06-06-2024 13:45:00] Order delivered.
[06-06-2024 13:45:00] Order delivered.
[06-06-2024 13:45:00] Order delivered.
[06-06-2024 13:45:00] Order delivered.
[06-06-2024 13:45:00] Order delivered.
[06-06-2024 13:45:00] Order cooked and placed in oven.
[06-06-2024 13:45:01] Order cooked and placed in oven.
[06-06-2024 13:45:02] Order cooked and placed in oven.
[06-06-2024 13:45:03] Order cooked and placed in oven.
[06-06-2024 13:45:04] Order cooked and placed in oven.
[06-06-2024 13:45:05] Order delivered.
[06-06-2024 13:45:05] Order delivered.
[06-06-2024 13:45:05] Order delivered.
[06-06-2024 13:45:05] Order delivered.
[06-06-2024 13:45:05] Order delivered.
[06-06-2024 13:45:05] Order delivered.
[06-06-2024 13:45:05] Order cooked and placed in oven.
[06-06-2024 13:45:06] Order cooked and placed in oven.
[06-06-2024 13:45:07] Order cooked and placed in oven.
[06-06-2024 13:45:08] Order cooked and placed in oven.
[06-06-2024 13:45:09] Order cooked and placed in oven.
[06-06-2024 13:45:10] Order delivered.
[06-06-2024 13:45:10] Order delivered.
[06-06-2024 13:45:10] Order delivered.
[06-06-2024 13:45:10] Order delivered.
[06-06-2024 13:45:10] Order delivered.
[06-06-2024 13:45:10] Order delivered.
[06-06-2024 13:45:10] Order cooked and placed in oven.
[06-06-2024 13:45:11] Order cooked and placed in oven.
[06-06-2024 13:45:12] Order cooked and placed in oven.
[06-06-2024 13:45:13] Order cooked and placed in oven.
[06-06-2024 13:45:14] Order cooked and placed in oven.
[06-06-2024 13:45:15] Order delivered.
[06-06-2024 13:45:15] Order delivered.
[06-06-2024 13:45:15] Order delivered.
[06-06-2024 13:45:15] Order delivered.
[06-06-2024 13:45:15] Order delivered.
[06-06-2024 13:45:15] Order delivered.
[06-06-2024 13:45:15] Order cooked and placed in oven.
[06-06-2024 13:45:16] Order cooked and placed in oven.
[06-06-2024 13:45:17] Order cooked and placed in oven.
[06-06-2024 13:45:18] Order cooked and placed in oven.
[06-06-2024 13:45:19] Order cooked and placed in oven.
[06-06-2024 13:45:20] Order delivered.
[06-06-2024 13:45:20] Order delivered.
[06-06-2024 13:45:20] Order delivered.
[06-06-2024 13:45:20] Order delivered.
[06-06-2024 13:45:20] Order delivered.
[06-06-2024 13:45:20] Order delivered.
[06-06-2024 13:45:20] Order cooked and placed in oven.
[06-06-2024 13:45:21] Order cooked and placed in oven.
[06-06-2024 13:45:22] Order cooked and placed in oven.
[06-06-2024 13:45:23] Order cooked and placed in oven.
[06-06-2024 13:45:24] Order cooked and placed in oven.
[06-06-2024 13:45:25] Order delivered.
[06-06-2024 13:45:25] Order delivered.
[06-06-2024 13:45:25] Order delivered.
[06-06-2024 13:45:25] Order delivered.
[06-06-2024 13:45:25] Order delivered.
[06-06-2024 13:45:25] Order delivered.
[06-06-2024 13:45:25] Order cooked and placed in oven.
[06-06-2024 13:45:26] Order cooked and placed in oven.
[06-06-2024 13:45:27] Order cooked and placed in oven.
[06-06-2024 13:45:28] Order cooked and placed in oven.
[06-06-2024 13:45:29] Order cooked and placed in oven.
[06-06-2024 13:45:30] Order delivered.
[06-06-2024 13:45:30] Order delivered.
[06-06-2024 13:45:30] Order delivered.
[06-06-2024 13:45:30] Order delivered.
[06-06-2024 13:45:30] Order delivered.
[06-06-2024 13:45:30] Order delivered.
[06-06-2024 13:45:30] Order cooked and placed in oven.
[06-06-2024 13:45:31] Order cooked and placed in oven.
[06-06-2024 13:45:32] Order cooked and placed in oven.
[06-06-2024 13:45:33] Order cooked and placed in oven.
[06-06-2024 13:45:34] Order cooked and placed in oven.
[06-06-2024 13:45:35] Order delivered.
[06-06-2024 13:45:35] Order delivered.
[06-06-2024 13:45:35] Order delivered.
[06-06-2024 13:45:35] Order delivered.
[06-06-2024 13:45:35] Order delivered.
[06-06-2024 13:45:35] Order delivered.
[06-06-2024 13:45:35] Order cooked and placed in oven.
[06-06-2024 13:45:36] Order cooked and placed in oven.
[06-06-2024 13:45:37] Order cooked and placed in oven.
[06-06-2024 13:45:38] Order cooked and placed in oven.
[06-06-2024 13:45:39] Order cooked and placed in oven.
[06-06-2024 13:45:40] Order delivered.
[06-06-2024 13:45:40] Order delivered.
[06-06-2024 13:45:40] Order delivered.
[06-06-2024 13:45:40] Order delivered.
[06-06-2024 13:45:40] Order delivered.
[06-06-2024 13:45:40] Order delivered.
[06-06-2024 13:45:40] Order cooked and placed in oven.
[06-06-2024 13:45:41] Order cooked and placed in oven.
[06-06-2024 13:45:42] Order cooked and placed in oven.
[06-06-2024 13:45:43] Order cooked and placed in oven.
[06-06-2024 13:45:44] Order cooked and placed in oven.
[06-06-2024 13:45:45] Order delivered.
[06-06-2024 13:45:45] Order delivered.
[06-06-2024 13:45:45] Order delivered.
[06-06-2024 13:45:45] Order delivered.
[06-06-2024 13:45:45] Order delivered.
[06-06-2024 13:45:45] Order delivered.
[06-06-2024 13:45:45] Order cooked and placed in oven.
[06-06-2024 13:45:46] Order cooked and placed in oven.
[06-06-2024 13:45:47] Order cooked and placed in oven.
[06-06-2024 13:45:48] Order cooked and placed in oven.
[06-06-2024 13:45:49] Order cooked and placed in oven.
[06-06-2024 13:45:50] Order delivered.
[06-06-2024 13:45:50] Order delivered.
[06-06-2024 13:45:50] Order delivered.
[06-06-2024 13:45:50] Order delivered.
[06-06-2024 13:45:50] Order delivered.
[06-06-2024 13:45:50] Order delivered.
[06-06-2024 13:45:50] Order cooked and placed in oven.
[06-06-2024 13:45:51] Order cooked and placed in oven.
[06-06-2024 13:45:52] Order cooked and placed in oven.
[06-06-2024 13:45:53] Order cooked and placed in oven.
[06-06-2024 13:45:54] Order cooked and placed in oven.
[06-06-2024 13:45:55] Order delivered.
[06-06-2024 13:45:55] Order delivered.
[06-06-2024 13:45:55] Order delivered.
[06-06-2024 13:45:55] Order delivered.
[06-06-2024 13:45:55] Order delivered.
[06-06-2024 13:45:55] Order delivered.
[06-06-2024 13:45:55] Order cooked and placed in oven.
[06-06-2024 13:45:56] Order cooked and placed in oven.
[06-06-2024 13:45:57] Order cooked and placed in oven.
[06-06-2024 13:45:58] Order cooked and placed in oven.
[06-06-2024 13:45:59] Order cooked and placed in oven.
[06-06-2024 13:46:00] Order delivered.
[06-06-2024 13:46:00] Order delivered.
[06-06-2024 13:46:00] Order delivered.
[06-06-2024 13:46:00] Order delivered.
[06-06-2024 13:46:00] Order delivered.
[06-06-2024 13:46:00] Order delivered.
[06-06-2024 13:46:00] Order cooked and placed in oven.
[06-06-2024 13:46:01] Order cooked and placed in oven.
[06-06-2024 13:46:02] Order cooked and placed in oven.
[06-06-2024 13:46:03] Order cooked and placed in oven.
[06-06-2024 13:46:04] Order cooked and placed in oven.
[06-06-2024 13:46:05] Order delivered.
[06-06-2024 13:46:05] Order delivered.
[06-06-2024 13:46:05] Order delivered.
[06-06-2024 13:46:05] Order delivered.
[06-06-2024 13:46:05] Order delivered.
[06-06-2024 13:46:05] Order delivered.
[06-06-2024 13:46:05] Order cooked and placed in oven.
[06-06-2024 13:46:06] Order cooked and placed in oven.
[06-06-2024 13:46:07] Order cooked and placed in oven.
[06-06-2024 13:46:08] Order cooked and placed in oven.
[06-06-2024 13:46:09] Order cooked and placed in oven.
[06-06-2024 13:46:10] Order delivered.
[06-06-2024 13:46:10] Order delivered.
[06-06-2024 13:46:10] Order delivered.
[06-06-2024 13:46:10] Order delivered.
[06-06-2024 13:46:10] Order delivered.
[06-06-2024 13:46:10] Order delivered.
[06-06-2024 13:46:10] Order cooked and placed in oven.
[06-06-2024 13:46:11] Order cooked and placed in oven.
[06-06-2024 13:46:12] Order cooked and placed in oven.
[06-06-2024 13:46:13] Order cooked and placed in oven.
[06-06-2024 13:46:14] Order cooked and placed in oven.
[06-06-2024 13:46:15] Order delivered.
[06-06-2024 13:46:15] Order delivered.
[06-06-2024 13:46:15] Order delivered.
[06-06-2024 13:46:15] Order delivered.
[06-06-2024 13:46:15] Order delivered.
[06-06-2024 13:46:15] Order delivered.
[06-06-2024 13:46:15] Order cooked and placed in oven.
[06-06-2024 13:46:16] Order cooked and placed in oven.
[06-06-2024 13:46:17] Order cooked and placed in oven.
[06-06-2024 13:46:18] Order cooked and placed in oven.
[06-06-2024 13:46:19] Order cooked and placed in oven.
[06-06-2024 13:46:20] Order delivered.
[06-06-2024 13:46:20] Order delivered.
[06-06-2024 13:46:20] Order delivered.
[06-06-2024 13:46:20] Order delivered.
[06-06-2024 13:46:20] Order delivered.
[06-06-2024 13:46:20] Order delivered.
[06-06-2024 13:46:20] Order cooked and placed in oven.
[06-06-2024 13:46:21] Order cooked and placed in oven.
[06-06-2024 13:46:22] Order cooked and placed in oven.
[06-06-2024 13:46:23] Order cooked and placed in oven.
[06-06-2024 13:46:24] Order cooked and placed in oven.
[06-06-2024 13:46:25] Order delivered.
[06-06-2024 13:46:25] Order delivered.
[06-06-2024 13:46:25] Order delivered.
[06-06-2024 13:46:25] Order delivered.
[06-06-2024 13:46:25] Order delivered.
[06-06-2024 13:46:25] Order delivered.
[06-06-2024 13:46:25] Order cooked and placed in oven.
[06-06-2024 13:46:26] Order cooked and placed in oven.
[06-06-2024 13:46:27] Order cooked and placed in oven.
[06-06-2024 13:46:28] Order cooked and placed in oven.
[06-06-2024 13:46:29] Order cooked and placed in oven.
[06-06-2024 13:46:30] Order delivered.
[06-06-2024 13:46:30] Order delivered.
[06-06-2024 13:46:30] Order delivered.
[06-06-2024 13:46:30] Order delivered.
[06-06-2024 13:46:30] Order delivered.
[06-06-2024 13:46:30] Order delivered.
[06-06-2024 13:46:30] Order cooked and placed in oven.
[06-06-2024 13:46:31] Order cooked and placed in oven.
[06-06-2024 13:46:32] Order cooked and placed in oven.
[06-06-2024 13:46:33] Order cooked and placed in oven.
[06-06-2024 13:46:34] Order cooked and placed in oven.
[06-06-2024 13:46:35] Order delivered.
[06-06-2024 13:46:35] Order delivered.
[06-06-2024 13:46:35] Order delivered.
[06-06-2024 13:46:35] Order delivered.
[06-06-2024 13:46:35] Order delivered.
[06-06-2024 13:46:35] Order delivered.
[06-06-2024 13:46:35] Order cooked and placed in oven.
[06-06-2024 13:46:36] Order cooked and placed in oven.
[06-06-2024 13:46:37] Order cooked and placed in oven.
[06-06-2024 13:46:38] Order cooked and placed in oven.
[06-06-2024 13:46:39] Order cooked and placed in oven.
[06-06-2024 13:46:40] Order delivered.
[06-06-2024 13:46:40] Order delivered.
[06-06-2024 13:46:40] Order delivered.
[06-06-2024 13:46:40] Order delivered.
[06-06-2024 13:46:40] Order delivered.
[06-06-2024 13:46:40] Order delivered.
[06-06-2024 13:46:40] Order cooked and placed in oven.
[06-06-2024 13:46:41] Order cooked and placed in oven.
[06-06-2024 13:46:42] Order cooked and placed in oven.
[06-06-2024 13:46:43] Order cooked and placed in oven.
[06-06-2024 13:46:44] Order cooked and placed in oven.
[06-06-2024 13:46:45] Order delivered.
[06-06-2024 13:46:45] Order delivered.
[06-06-2024 13:46:45] Order delivered.
[06-06-2024 13:46:45] Order delivered.
[06-06-2024 13:46:45] Order delivered.
[06-06-2024 13:46:45] Order delivered.
[06-06-2024 13:46:45] Order cooked and placed in oven.
[06-06-2024 13:46:46] Order cooked and placed in oven.
[06-06-2024 13:46:47] Order cooked and placed in oven.
[06-06-2024 13:46:48] Order cooked and placed in oven.
[06-06-2024 13:46:49] Order cooked and placed in oven.
[06-06-2024 13:46:50] Order delivered.
[06-06-2024 13:46:50] Order delivered.
[06-06-2024 13:46:50] Order delivered.
[06-06-2024 13:46:50] Order delivered.
[06-06-2024 13:46:50] Order delivered.
[06-06-2024 13:46:50] Order delivered.
[06-06-2024 13:46:50] Order cooked and placed in oven.
[06-06-2024 13:46:51] Order cooked and placed in oven.
[06-06-2024 13:46:52] Order cooked and placed in oven.
[06-06-2024 13:46:53] Order cooked and placed in oven.
[06-06-2024 13:46:54] Order cooked and placed in oven.
[06-06-2024 13:46:55] Order delivered.
[06-06-2024 13:46:55] Order delivered.
[06-06-2024 13:46:55] Order delivered.
[06-06-2024 13:46:55] Order delivered.
[06-06-2024 13:46:55] Order delivered.
[06-06-2024 13:46:55] Order delivered.
[06-06-2024 13:46:55] Order cooked and placed in oven.
[06-06-2024 13:46:56] Order cooked and placed in oven.
[06-06-2024 13:46:57] Order cooked and placed in oven.
[06-06-2024 13:46:58] Order cooked and placed in oven.
[06-06-2024 13:46:59] Order cooked and placed in oven.
[06-06-2024 13:47:00] Order delivered.
[06-06-2024 13:47:00] Order delivered.
[06-06-2024 13:47:00] Order delivered.
[06-06-2024 13:47:00] Order delivered.
[06-06-2024 13:47:00] Order delivered.
[06-06-2024 13:47:00] Order delivered.
[06-06-2024 13:47:00] Order cooked and placed in oven.
[06-06-2024 13:47:01] Order cooked and placed in oven.
[06-06-2024 13:47:02] Order cooked and placed in oven.
[06-06-2024 13:47:03] Order cooked and placed in oven.
[06-06-2024 13:47:04] Order cooked and placed in oven.
[06-06-2024 13:47:05] Order delivered.
[06-06-2024 13:47:05] Order delivered.
[06-06-2024 13:47:05] Order delivered.
[06-06-2024 13:47:05] Order delivered.
[06-06-2024 13:47:05] Order delivered.
[06-06-2024 13:47:05] Order delivered.
[06-06-2024 13:47:05] Order cooked and placed in oven.
[06-06-2024 13:47:06] Order cooked and placed in oven.
[06-06-2024 13:47:07] Order cooked and placed in oven.
[06-06-2024 13:47:08] Order cooked and placed in oven.
[06-06-2024 13:47:09] Order cooked and placed in oven.
[06-06-2024 13:47:10] Order delivered.
[06-06-2024 13:47:10] Order delivered.
[06-06-2024 13:47:10] Order delivered.
[06-06-2024 13:47:10] Order delivered.
[06-06-2024 13:47:10] Order delivered.
[06-06-2024 13:47:10] Order delivered.
[06-06-2024 13:47:10] Order cooked and placed in oven.
[06-06-2024 13:47:11] Order cooked and placed in oven.
[06-06-2024 13:47:12] Order cooked and placed in oven.
[06-06-2024 13:47:13] Order cooked and placed in oven.
[06-06-2024 13:47:14] Order cooked and placed in oven.
[06-06-2024 13:47:15] Order delivered.
[06-06-2024 13:47:15] Order delivered.
[06-06-2024 13:47:15] Order delivered.
[06-06-2024 13:47:15] Order delivered.
[06-06-2024 13:47:15] Order delivered.
[06-06-2024 13:47:15] Order delivered.
[06-06-2024 13:47:15] Order cooked and placed in oven.
[06-06-2024 13:47:16] Order cooked and placed in oven.
[06-06-2024 13:47:17] Order cooked and placed in oven.
[06-06-2024 13:47:18] Order cooked and placed in oven.
[06-06-2024 13:47:19] Order cooked and placed in oven.
[06-06-2024 13:47:20] Order delivered.
[06-06-2024 13:47:20] Order delivered.
[06-06-2024 13:47:20] Order delivered.
[06-06-2024 13:47:20] Order delivered.
[06-06-2024 13:47:20] Order delivered.
[06-06-2024 13:47:20] Order delivered.
[06-06-2024 13:47:20] Order cooked and placed in oven.
[06-06-2024 13:47:21] Order cooked and placed in oven.
[06-06-2024 13:47:22] Order cooked and placed in oven.
[06-06-2024 13:47:23] Order cooked and placed in oven.
[06-06-2024 13:47:24] Order cooked and placed in oven.
[06-06-2024 13:47:25] Order delivered.
[06-06-2024 13:47:25] Order delivered.
[06-06-2024 13:47:25] Order delivered.
[06-06-2024 13:47:25] Order delivered.
[06-06-2024 13:47:25] Order delivered.
[06-06-2024 13:47:25] Order delivered.
[06-06-2024 13:47:25] Order cooked and placed in oven.
[06-06-2024 13:47:26] Order cooked and placed in oven.
[06-06-2024 13:47:27] Order cooked and placed in oven.
[06-06-2024 13:47:28] Order cooked and placed in oven.
[06-06-2024 13:47:29] Order cooked and placed in oven.
[06-06-2024 13:47:30] Order delivered.
[06-06-2024 13:47:30] Order delivered.
[06-06-2024 13:47:30] Order delivered.
[06-06-2024 13:47:30] Order delivered.
[06-06-2024 13:47:30] Order delivered.
[06-06-2024 13:47:30] Order delivered.
[06-06-2024 13:47:30] Order cooked and placed in oven.
[06-06-2024 13:47:31] Order cooked and placed in oven.
[06-06-2024 13:47:32] Order cooked and placed in oven.
[06-06-2024 13:47:33] Order cooked and placed in oven.
[06-06-2024 13:47:34] Order cooked and placed in oven.
[06-06-2024 13:47:35] Order delivered.
[06-06-2024 13:47:35] Order delivered.
[06-06-2024 13:47:35] Order delivered.
[06-06-2024 13:47:35] Order delivered.
[06-06-2024 13:47:35] Order delivered.
[06-06-2024 13:47:35] Order delivered.
[06-06-2024 13:47:35] Order cooked and placed in oven.
[06-06-2024 13:47:36] Order cooked and placed in oven.
[06-06-2024 13:47:37] Order cooked and placed in oven.
[06-06-2024 13:47:38] Order cooked and placed in oven.
[06-06-2024 13:47:39] Order cooked and placed in oven.
[06-06-2024 13:47:40] Order delivered.
[06-06-2024 13:47:40] Order delivered.
[06-06-2024 13:47:40] Order delivered.
[06-06-2024 13:47:40] Order delivered.
[06-06-2024 13:47:40] Order delivered.
[06-06-2024 13:47:40] Order delivered.
[06-06-2024 13:47:40] Order cooked and placed in oven.
[06-06-2024 13:47:41] Order cooked and placed in oven.
[06-06-2024 13:47:42] Order cooked and placed in oven.
[06-06-2024 13:47:43] Order cooked and placed in oven.
[06-06-2024 13:47:44] Order cooked and placed in oven.
[06-06-2024 13:47:45] Order delivered.
[06-06-2024 13:47:45] Order delivered.
[06-06-2024 13:47:45] Order delivered.
[06-06-2024 13:47:45] Order delivered.
[06-06-2024 13:47:45] Order delivered.
[06-06-2024 13:47:45] Order delivered.
[06-06-2024 13:47:45] Order cooked and placed in oven.
[06-06-2024 13:47:46] Order cooked and placed in oven.
[06-06-2024 13:47:47] Order cooked and placed in oven.
[06-06-2024 13:47:48] Order cooked and placed in oven.
[06-06-2024 13:47:49] Order cooked and placed in oven.
[06-06-2024 13:47:50] Order delivered.
[06-06-2024 13:47:50] Order delivered.
[06-06-2024 13:47:50] Order delivered.
[06-06-2024 13:47:50] Order delivered.
[06-06-2024 13:47:50] Order delivered.
[06-06-2024 13:47:50] Order delivered.
[06-06-2024 13:47:50] Order cooked and placed in oven.
[06-06-2024 13:47:51] Order cooked and placed in oven.
[06-06-2024 13:47:52] Order cooked and placed in oven.
[06-06-2024 13:47:53] Order cooked and placed in oven.
[06-06-2024 13:47:54] Order cooked and placed in oven.
[06-06-2024 13:47:55] Order delivered.
[06-06-2024 13:47:55] Order delivered.
[06-06-2024 13:47:55] Order delivered.
[06-06-2024 13:47:55] Order delivered.
[06-06-2024 13:47:55] Order delivered.
[06-06-2024 13:47:55] Order delivered.
[06-06-2024 13:47:55] Order cooked and placed in oven.
[06-06-2024 13:47:56] Order cooked and placed in oven.
[06-06-2024 13:47:57] Order cooked and placed in oven.
[06-06-2024 13:47:58] Order cooked and placed in oven.
[06-06-2024 13:47:59] Order cooked and placed in oven.
[06-06-2024 13:48:00] Order delivered.
[06-06-2024 13:48:00] Order delivered.
[06-06-2024 13:48:00] Order delivered.
[06-06-2024 13:48:00] Order delivered.
[06-06-2024 13:48:00] Order delivered.
[06-06-2024 13:48:00] Order delivered.
[06-06-2024 13:48:00] Order cooked and placed in oven.
[06-06-2024 13:48:01] Order cooked and placed in oven.
[06-06-2024 13:48:02] Order cooked and placed in oven.
[06-06-2024 13:48:03] Order cooked and placed in oven.
[06-06-2024 13:48:04] Order cooked and placed in oven.
[06-06-2024 13:48:05] Order delivered.
[06-06-2024 13:48:05] Order delivered.
[06-06-2024 13:48:05] Order delivered.
[06-06-2024 13:48:05] Order delivered.
[06-06-2024 13:48:05] Order delivered.
[06-06-2024 13:48:05] Order delivered.
[06-06-2024 13:48:05] Order cooked and placed in oven.
[06-06-2024 13:48:06] Order cooked and placed in oven.
[06-06-2024 13:48:07] Order cooked and placed in oven.
[06-06-2024 13:48:08] Order cooked and placed in oven.
[06-06-2024 13:48:09] Order cooked and placed in oven.
[06-06-2024 13:48:10] Order delivered.
[06-06-2024 13:48:10] Order delivered.
[06-06-2024 13:48:10] Order delivered.
[06-06-2024 13:48:10] Order delivered.
[06-06-2024 13:48:10] Order delivered.
[06-06-2024 13:48:10] Order delivered.
[06-06-2024 13:48:10] Order cooked and placed in oven.
[06-06-2024 13:48:11] Order cooked and placed in oven.
[06-06-2024 13:48:12] Order cooked and placed in oven.
[06-06-2024 13:48:13] Order cooked and placed in oven.
[06-06-2024 13:48:14] Order cooked and placed in oven.
[06-06-2024 13:48:15] Order delivered.
[06-06-2024 13:48:15] Order delivered.
[06-06-2024 13:48:15] Order delivered.
[06-06-2024 13:48:15] Order delivered.
[06-06-2024 13:48:15] Order delivered.
[06-06-2024 13:48:15] Order delivered.
[06-06-2024 13:48:15] Order cooked and placed in oven.
[06-06-2024 13:48:16] Order cooked and placed in oven.
[06-06-2024 13:48:17] Order cooked and placed in oven.
[06-06-2024 13:48:18] Order cooked and placed in oven.
[06-06-2024 13:48:19] Order cooked and placed in oven.
[06-06-2024 13:48:20] Order delivered.
[06-06-2024 13:48:20] Order delivered.
[06-06-2024 13:48:20] Order delivered.
[06-06-2024 13:48:20] Order delivered.
[06-06-2024 13:48:20] Order delivered.
[06-06-2024 13:48:20] Order delivered.
[06-06-2024 13:48:20] Order cooked and placed in oven.
[06-06-2024 13:48:21] Order cooked and placed in oven.
[06-06-2024 13:48:22] Order cooked and placed in oven.
[06-06-2024 13:48:23] Order cooked and placed in oven.
[06-06-2024 13:48:24] Order cooked and placed in oven.
[06-06-2024 13:48:25] Order delivered.
[06-06-2024 13:48:25] Order delivered.
[06-06-2024 13:48:25] Order delivered.
[06-06-2024 13:48:25] Order delivered.
[06-06-2024 13:48:25] Order delivered.
[06-06-2024 13:48:25] Order delivered.
[06-06-2024 13:48:25] Order cooked and placed in oven.
[06-06-2024 13:48:26] Order cooked and placed in oven.
[06-06-2024 13:48:27] Order cooked and placed in oven.
[06-06-2024 13:48:28] Order cooked and placed in oven.
[06-06-2024 13:48:29] Order cooked and placed in oven.
[06-06-2024 13:48:29] Server shutting down...
[06-06-2024 13:48:32] PideShop server started.
[06-06-2024 13:48:35] Order from client 0 at location (6, 3)
[06-06-2024 13:48:35] Order from client 3 at location (2, 6)
[06-06-2024 13:48:35] Order from client 2 at location (5, 13)
[06-06-2024 13:48:35] Order from client 1 at location (5, 17)
[06-06-2024 13:48:35] Order from client 4 at location (1, 9)
[06-06-2024 13:48:35] Order from client 5 at location (7, 2)
[06-06-2024 13:48:35] Order from client 6 at location (9, 10)
[06-06-2024 13:48:35] Order from client 7 at location (6, 3)
[06-06-2024 13:48:35] Order from client 8 at location (6, 0)
[06-06-2024 13:48:35] Order from client 9 at location (6, 12)
[06-06-2024 13:48:35] Order cooked and placed in oven.
[06-06-2024 13:48:36] Order cooked and placed in oven.
[06-06-2024 13:48:37] Order delivered.
[06-06-2024 13:48:37] Order delivered.
[06-06-2024 13:48:37] Order delivered.
[06-06-2024 13:48:37] Order delivered.
[06-06-2024 13:48:37] Order delivered.
[06-06-2024 13:48:37] Order delivered.
[06-06-2024 13:48:37] Order cooked and placed in oven.
[06-06-2024 13:48:38] Order cooked and placed in oven.
[06-06-2024 13:48:39] Order cooked and placed in oven.
[06-06-2024 13:48:40] Order cooked and placed in oven.
[06-06-2024 13:48:41] Order cooked and placed in oven.
[06-06-2024 13:48:42] Order delivered.
[06-06-2024 13:48:42] Order delivered.
[06-06-2024 13:48:42] Order delivered.
[06-06-2024 13:48:42] Order delivered.
[06-06-2024 13:48:42] Order delivered.
[06-06-2024 13:48:42] Order delivered.
[06-06-2024 13:48:42] Order cooked and placed in oven.
[06-06-2024 13:48:43] Order cooked and placed in oven.
[06-06-2024 13:48:44] Order cooked and placed in oven.
[06-06-2024 13:48:45] Order cooked and placed in oven.
[06-06-2024 13:48:46] Order cooked and placed in oven.
[06-06-2024 13:48:47] Order delivered.
[06-06-2024 13:48:47] Order delivered.
[06-06-2024 13:48:47] Order delivered.
[06-06-2024 13:48:47] Order delivered.
[06-06-2024 13:48:47] Order delivered.
[06-06-2024 13:48:47] Order delivered.
[06-06-2024 13:48:47] Order cooked and placed in oven.
[06-06-2024 13:48:48] Order cooked and placed in oven.
[06-06-2024 13:48:49] Order cooked and placed in oven.
[06-06-2024 13:48:50] Order cooked and placed in oven.
[06-06-2024 13:48:51] Order cooked and placed in oven.
[06-06-2024 13:48:52] Order delivered.
[06-06-2024 13:48:52] Order delivered.
[06-06-2024 13:48:52] Order delivered.
[06-06-2024 13:48:52] Order delivered.
[06-06-2024 13:48:52] Order delivered.
[06-06-2024 13:48:52] Order delivered.
[06-06-2024 13:48:52] Order cooked and placed in oven.
[06-06-2024 13:48:53] Order cooked and placed in oven.
[06-06-2024 13:48:54] Order cooked and placed in oven.
[06-06-2024 13:48:55] Order cooked and placed in oven.
[06-06-2024 13:48:56] Order cooked and placed in oven.
[06-06-2024 13:48:57] Order delivered.
[06-06-2024 13:48:57] Order delivered.
[06-06-2024 13:48:57] Order delivered.
[06-06-2024 13:48:57] Order delivered.
[06-06-2024 13:48:57] Order delivered.
[06-06-2024 13:48:57] Order delivered.
[06-06-2024 13:48:57] Order cooked and placed in oven.
[06-06-2024 13:48:58] Order cooked and placed in oven.
[06-06-2024 13:48:59] Order cooked and placed in oven.
[06-06-2024 13:49:00] Order cooked and placed in oven.
[06-06-2024 13:49:01] Order cooked and placed in oven.
[06-06-2024 13:49:02] Order delivered.
[06-06-2024 13:49:02] Order delivered.
[06-06-2024 13:49:02] Order delivered.
[06-06-2024 13:49:02] Order delivered.
[06-06-2024 13:49:02] Order delivered.
[06-06-2024 13:49:02] Order delivered.
[06-06-2024 13:49:02] Order cooked and placed in oven.
[06-06-2024 13:49:03] Order cooked and placed in oven.
[06-06-2024 13:49:04] Order cooked and placed in oven.
[06-06-2024 13:49:05] Order cooked and placed in oven.
[06-06-2024 13:49:06] Order cooked and placed in oven.
[06-06-2024 13:49:07] Order delivered.
[06-06-2024 13:49:07] Order delivered.
[06-06-2024 13:49:07] Order delivered.
[06-06-2024 13:49:07] Order delivered.
[06-06-2024 13:49:07] Order delivered.
[06-06-2024 13:49:07] Order delivered.
[06-06-2024 13:49:07] Order cooked and placed in oven.
[06-06-2024 13:49:08] Order cooked and placed in oven.
[06-06-2024 13:49:09] Order cooked and placed in oven.
[06-06-2024 13:49:10] Order cooked and placed in oven.
[06-06-2024 13:49:11] Order cooked and placed in oven.
[06-06-2024 13:49:12] Order delivered.
[06-06-2024 13:49:12] Order delivered.
[06-06-2024 13:49:12] Order delivered.
[06-06-2024 13:49:12] Order delivered.
[06-06-2024 13:49:12] Order delivered.
[06-06-2024 13:49:12] Order delivered.
[06-06-2024 13:49:12] Order cooked and placed in oven.
[06-06-2024 13:49:13] Order cooked and placed in oven.
[06-06-2024 13:49:14] Order cooked and placed in oven.
[06-06-2024 13:49:15] Order cooked and placed in oven.
[06-06-2024 13:49:16] Order cooked and placed in oven.
[06-06-2024 13:49:17] Order delivered.
[06-06-2024 13:49:17] Order delivered.
[06-06-2024 13:49:17] Order delivered.
[06-06-2024 13:49:17] Order delivered.
[06-06-2024 13:49:17] Order delivered.
[06-06-2024 13:49:17] Order delivered.
[06-06-2024 13:49:17] Order cooked and placed in oven.
[06-06-2024 13:49:18] Order cooked and placed in oven.
[06-06-2024 13:49:19] Order cooked and placed in oven.
[06-06-2024 13:49:20] Order cooked and placed in oven.
[06-06-2024 13:49:21] Order cooked and placed in oven.
[06-06-2024 13:49:22] Order delivered.
[06-06-2024 13:49:22] Order delivered.
[06-06-2024 13:49:22] Order delivered.
[06-06-2024 13:49:22] Order delivered.
[06-06-2024 13:49:22] Order delivered.
[06-06-2024 13:49:22] Order delivered.
[06-06-2024 13:49:22] Order cooked and placed in oven.
[06-06-2024 13:49:23] Order cooked and placed in oven.
[06-06-2024 13:49:24] Order cooked and placed in oven.
[06-06-2024 13:49:25] Order cooked and placed in oven.
[06-06-2024 13:49:26] Order cooked and placed in oven.
[06-06-2024 13:49:27] Order delivered.
[06-06-2024 13:49:27] Order delivered.
[06-06-2024 13:49:27] Order delivered.
[06-06-2024 13:49:27] Order delivered.
[06-06-2024 13:49:27] Order delivered.
[06-06-2024 13:49:27] Order delivered.
[06-06-2024 13:49:27] Order cooked and placed in oven.
[06-06-2024 13:49:28] Order cooked and placed in oven.
[06-06-2024 13:49:29] Order cooked and placed in oven.
[06-06-2024 13:49:30] Order cooked and placed in oven.
[06-06-2024 13:49:30] Server shutting down...
[06-06-2024 13:51:47] PideShop server started.
[06-06-2024 13:51:54] Order from client 0 at location (6, 3)
[06-06-2024 13:51:54] Order from client 1 at location (5, 17)
[06-06-2024 13:51:54] Order from client 5 at location (7, 2)
[06-06-2024 13:51:54] Order from client 6 at location (9, 10)
[06-06-2024 13:51:54] Order from client 7 at location (6, 3)
[06-06-2024 13:51:54] Order from client 8 at location (6, 0)
[06-06-2024 13:51:54] Order from client 3 at location (2, 6)
[06-06-2024 13:51:54] Order from client 4 at location (1, 9)
[06-06-2024 13:51:54] Order from client 2 at location (5, 13)
[06-06-2024 13:51:54] Order from client 9 at location (6, 12)
[06-06-2024 13:51:57] Order cooked and placed in oven.
[06-06-2024 13:51:58] Order cooked and placed in oven.
[06-06-2024 13:51:59] Order cooked and placed in oven.
[06-06-2024 13:52:00] Order cooked and placed in oven.
[06-06-2024 13:52:01] Order cooked and placed in oven.
[06-06-2024 13:52:02] Order delivered.
[06-06-2024 13:52:02] Order delivered.
[06-06-2024 13:52:02] Order delivered.
[06-06-2024 13:52:02] Order delivered.
[06-06-2024 13:52:02] Order delivered.
[06-06-2024 13:52:02] Order delivered.
[06-06-2024 13:52:02] Order cooked and placed in oven.
[06-06-2024 13:52:03] Order cooked and placed in oven.
[06-06-2024 13:52:04] Order cooked and placed in oven.
[06-06-2024 13:52:05] Order cooked and placed in oven.
[06-06-2024 13:52:06] Order cooked and placed in oven.
[06-06-2024 13:52:07] Order delivered.
[06-06-2024 13:52:07] Order delivered.
[06-06-2024 13:52:07] Order delivered.
[06-06-2024 13:52:07] Order delivered.
[06-06-2024 13:52:07] Order delivered.
[06-06-2024 13:52:07] Order delivered.
[06-06-2024 13:52:07] Order cooked and placed in oven.
[06-06-2024 13:52:08] Order cooked and placed in oven.
[06-06-2024 13:52:09] Order cooked and placed in oven.
[06-06-2024 13:52:10] Order cooked and placed in oven.
[06-06-2024 13:52:11] Order cooked and placed in oven.
[06-06-2024 13:52:12] Order delivered.
[06-06-2024 13:52:12] Order delivered.
[06-06-2024 13:52:12] Order delivered.
[06-06-2024 13:52:12] Order delivered.
[06-06-2024 13:52:12] Order delivered.
[06-06-2024 13:52:12] Order delivered.
[06-06-2024 13:52:12] Order cooked and placed in oven.
[06-06-2024 13:52:13] Order cooked and placed in oven.
[06-06-2024 13:52:14] Order cooked and placed in oven.
[06-06-2024 13:52:15] Order cooked and placed in oven.
[06-06-2024 13:52:16] Order cooked and placed in oven.
[06-06-2024 13:52:17] Order delivered.
[06-06-2024 13:52:17] Order delivered.
[06-06-2024 13:52:17] Order delivered.
[06-06-2024 13:52:17] Order delivered.
[06-06-2024 13:52:17] Order delivered.
[06-06-2024 13:52:17] Order delivered.
[06-06-2024 13:52:17] Order cooked and placed in oven.
[06-06-2024 13:52:18] Order cooked and placed in oven.
[06-06-2024 13:52:19] Order cooked and placed in oven.
[06-06-2024 13:52:20] Order cooked and placed in oven.
[06-06-2024 13:52:21] Order cooked and placed in oven.
[06-06-2024 13:52:21] Server shutting down...
[06-06-2024 13:52:43] PideShop server started.
[06-06-2024 13:52:45] Order from client 0 at location (6, 3)
[06-06-2024 13:52:45] Order from client 1 at location (5, 17)
[06-06-2024 13:52:45] Order from client 2 at location (5, 13)
[06-06-2024 13:52:45] Order from client 3 at location (2, 6)
[06-06-2024 13:52:45] Order from client 4 at location (1, 9)
[06-06-2024 13:52:45] Order from client 5 at location (7, 2)
[06-06-2024 13:52:45] Order from client 6 at location (9, 10)
[06-06-2024 13:52:45] Order from client 8 at location (6, 0)
[06-06-2024 13:52:45] Order from client 9 at location (6, 12)
[06-06-2024 13:52:45] Order from client 7 at location (6, 3)
[06-06-2024 13:52:47] Server shutting down...
[06-06-2024 14:00:21] PideShop server started.
[06-06-2024 14:00:24] Order from client 0 at location (6, 3)
[06-06-2024 14:00:24] Order from client 1 at location (5, 17)
[06-06-2024 14:00:24] Order from client 2 at location (5, 13)
[06-06-2024 14:00:24] Order from client 3 at location (2, 6)
[06-06-2024 14:00:24] Order from client 6 at location (9, 10)
[06-06-2024 14:00:24] Order from client 8 at location (6, 0)
[06-06-2024 14:00:24] Order from client 4 at location (1, 9)
[06-06-2024 14:00:24] Order from client 7 at location (6, 3)
[06-06-2024 14:00:24] Order from client 5 at location (7, 2)
[06-06-2024 14:00:24] Order from client 9 at location (6, 12)
[06-06-2024 14:00:27] Order cooked and placed in oven.
[06-06-2024 14:00:28] Order cooked and placed in oven.
[06-06-2024 14:00:29] Order cooked and placed in oven.
[06-06-2024 14:00:30] Order cooked and placed in oven.
[06-06-2024 14:00:32] Order delivered.
[06-06-2024 14:00:33] Order delivered.
[06-06-2024 14:00:34] Order delivered.
[06-06-2024 14:00:35] Order delivered.
[06-06-2024 14:00:37] Server shutting down...
[06-06-2024 14:13:24] PideShop server started.
[06-06-2024 14:13:26] Order from client 0 at location (6, 3)
[06-06-2024 14:13:26] Order from client 1 at location (5, 17)
[06-06-2024 14:13:26] Order from client 2 at location (5, 13)
[06-06-2024 14:13:26] Order from client 6 at location (9, 10)
[06-06-2024 14:13:26] Order from client 4 at location (1, 9)
[06-06-2024 14:13:26] Order from client 5 at location (7, 2)
[06-06-2024 14:13:26] Order from client 9 at location (6, 12)
[06-06-2024 14:13:26] Order from client 7 at location (6, 3)
[06-06-2024 14:13:26] Order from client 8 at location (6, 0)
[06-06-2024 14:13:26] Order from client 3 at location (2, 6)
[06-06-2024 14:13:29] Order cooked and placed in oven.
[06-06-2024 14:13:30] Order cooked and placed in oven.
[06-06-2024 14:13:31] Order cooked and placed in oven.
[06-06-2024 14:13:32] Order cooked and placed in oven.
[06-06-2024 14:13:34] Order delivered.
[06-06-2024 14:13:35] Order delivered.
[06-06-2024 14:13:36] Order delivered.
[06-06-2024 14:13:37] Order delivered.
[06-06-2024 14:13:47] Order from client 0 at location (6, 3)
[06-06-2024 14:13:47] Order from client 1 at location (5, 17)
[06-06-2024 14:13:47] Order from client 2 at location (5, 13)
[06-06-2024 14:13:47] Order from client 5 at location (7, 2)
[06-06-2024 14:13:47] Order from client 6 at location (9, 10)
[06-06-2024 14:13:47] Order from client 3 at location (2, 6)
[06-06-2024 14:13:47] Order from client 4 at location (1, 9)
[06-06-2024 14:13:47] Order from client 7 at location (6, 3)
[06-06-2024 14:13:47] Order from client 8 at location (6, 0)
[06-06-2024 14:13:47] Order from client 9 at location (6, 12)
[06-06-2024 14:13:50] Order cooked and placed in oven.
[06-06-2024 14:13:51] Order cooked and placed in oven.
[06-06-2024 14:13:52] Order cooked and placed in oven.
[06-06-2024 14:13:53] Order cooked and placed in oven.
[06-06-2024 14:13:55] Order delivered.
[06-06-2024 14:13:56] Order delivered.
[06-06-2024 14:13:57] Order delivered.
[06-06-2024 14:13:58] Order delivered.
[06-06-2024 14:14:08] Server shutting down...
[06-06-2024 14:26:21] PideShop server started.
[06-06-2024 14:26:23] Order from client 0 at location (6, 3)
[06-06-2024 14:26:23] Order from client 2 at location (5, 13)
[06-06-2024 14:26:23] Order from client 1 at location (5, 17)
[06-06-2024 14:26:23] Order from client 3 at location (2, 6)
[06-06-2024 14:26:23] Order from client 7 at location (6, 3)
[06-06-2024 14:26:23] Order from client 5 at location (7, 2)
[06-06-2024 14:26:23] Order from client 6 at location (9, 10)
[06-06-2024 14:26:23] Order from client 4 at location (1, 9)
[06-06-2024 14:26:23] Order from client 8 at location (6, 0)
[06-06-2024 14:26:23] Order from client 9 at location (6, 12)
[06-06-2024 14:26:26] Order cooked and placed in oven.
[06-06-2024 14:26:27] Order cooked and placed in oven.
[06-06-2024 14:26:28] Order cooked and placed in oven.
[06-06-2024 14:26:29] Order cooked and placed in oven.
[06-06-2024 14:26:31] Order delivered.
[06-06-2024 14:26:32] Order delivered.
[06-06-2024 14:26:33] Order delivered.
[06-06-2024 14:26:34] Order delivered.
[06-06-2024 14:26:39] Server shutting down...
[06-06-2024 14:33:44] PideShop server started.
[06-06-2024 14:33:45] Order from client 0 at location (6, 3)
[06-06-2024 14:33:48] Order cooked and placed in oven.
[06-06-2024 14:33:53] Order delivered.
[06-06-2024 14:33:56] Server shutting down...
[06-06-2024 14:35:55] PideShop server started.
[06-06-2024 14:35:59] Order from client 0 at location (6, 3)
[06-06-2024 14:36:02] Order cooked and placed in oven.
[06-06-2024 14:36:07] Order delivered.
[06-06-2024 14:36:28] Server shutting down...
[06-06-2024 14:37:41] PideShop server started.
[06-06-2024 14:37:45] Order from client 0 at location (6, 3)
[06-06-2024 14:37:48] Order cooked and placed in oven.
[06-06-2024 14:37:53] Order delivered.
[06-06-2024 14:38:13] Server shutting down...
[06-06-2024 14:38:52] PideShop server started.
[06-06-2024 14:38:57] Order from client 0 at location (6, 3)
[06-06-2024 14:38:57] Order from client 2 at location (5, 13)
[06-06-2024 14:38:57] Order from client 1 at location (5, 17)
[06-06-2024 14:38:57] Order from client 3 at location (2, 6)
[06-06-2024 14:38:57] Order from client 4 at location (1, 9)
[06-06-2024 14:38:57] Order from client 5 at location (7, 2)
[06-06-2024 14:38:57] Order from client 6 at location (9, 10)
[06-06-2024 14:38:57] Order from client 7 at location (6, 3)
[06-06-2024 14:38:57] Order from client 8 at location (6, 0)
[06-06-2024 14:38:57] Order from client 9 at location (6, 12)
[06-06-2024 14:39:00] Order cooked and placed in oven.
[06-06-2024 14:39:01] Order cooked and placed in oven.
[06-06-2024 14:39:02] Order cooked and placed in oven.
[06-06-2024 14:39:03] Order cooked and placed in oven.
[06-06-2024 14:39:05] Order delivered.
[06-06-2024 14:39:06] Order delivered.
[06-06-2024 14:39:07] Order delivered.
[06-06-2024 14:39:08] Order delivered.
[06-06-2024 14:39:21] Server shutting down...
[06-06-2024 14:55:26] PideShop server started.
[06-06-2024 14:55:29] Order from client 0 at location (6, 3)
[06-06-2024 14:55:29] Order from client 3 at location (2, 6)
[06-06-2024 14:55:29] Order from client 2 at location (5, 13)
[06-06-2024 14:55:29] Order from client 1 at location (5, 17)
[06-06-2024 14:55:29] Order from client 4 at location (1, 9)
[06-06-2024 14:55:29] Order from client 5 at location (7, 2)
[06-06-2024 14:55:29] Order from client 6 at location (9, 10)
[06-06-2024 14:55:29] Order from client 7 at location (6, 3)
[06-06-2024 14:55:29] Order from client 8 at location (6, 0)
[06-06-2024 14:55:29] Order from client 9 at location (6, 12)
[06-06-2024 14:55:32] Order cooked and placed in oven.
[06-06-2024 14:55:32] Order cooked and placed in oven.
[06-06-2024 14:55:32] Order cooked and placed in oven.
[06-06-2024 14:55:32] Order cooked and placed in oven.
[06-06-2024 14:55:37] Order delivered.
[06-06-2024 14:55:37] Order delivered.
[06-06-2024 14:55:37] Order delivered.
[06-06-2024 14:55:37] Order delivered.
[06-06-2024 14:55:37] Order delivered.
[06-06-2024 14:55:37] Order delivered.
[06-06-2024 15:08:40] Server shutting down...
[06-06-2024 15:08:50] PideShop server started.
[06-06-2024 15:08:52] Server shutting down...
[06-06-2024 15:09:13] PideShop server started.
[06-06-2024 15:09:17] Order from client 0 at location (6, 3)
[06-06-2024 15:09:17] Order from client 2 at location (5, 13)
[06-06-2024 15:09:17] Order from client 4 at location (1, 9)
[06-06-2024 15:09:17] Order from client 3 at location (2, 6)
[06-06-2024 15:09:17] Order from client 8 at location (6, 0)
[06-06-2024 15:09:17] Order from client 5 at location (7, 2)
[06-06-2024 15:09:17] Order from client 6 at location (9, 10)
[06-06-2024 15:09:17] Order from client 7 at location (6, 3)
[06-06-2024 15:09:17] Order from client 1 at location (5, 17)
[06-06-2024 15:09:17] Order from client 9 at location (6, 12)
[06-06-2024 15:09:20] Order cooked and placed in oven.
[06-06-2024 15:09:20] Order cooked and placed in oven.
[06-06-2024 15:09:20] Order cooked and placed in oven.
[06-06-2024 15:09:20] Order cooked and placed in oven.
[06-06-2024 15:09:25] Order delivered.
[06-06-2024 15:09:25] Order delivered.
[06-06-2024 15:09:25] Order delivered.
[06-06-2024 15:13:28] Server shutting down...
[06-06-2024 15:13:33] PideShop server started.
[06-06-2024 15:13:35] Order from client 0 at location (6, 3)
[06-06-2024 15:13:35] Order from client 2 at location (5, 13)
[06-06-2024 15:13:35] Order from client 1 at location (5, 17)
[06-06-2024 15:13:35] Order from client 6 at location (9, 10)
[06-06-2024 15:13:35] Order from client 4 at location (1, 9)
[06-06-2024 15:13:35] Order from client 5 at location (7, 2)
[06-06-2024 15:13:35] Order from client 3 at location (2, 6)
[06-06-2024 15:13:35] Order from client 7 at location (6, 3)
[06-06-2024 15:13:35] Order from client 8 at location (6, 0)
[06-06-2024 15:13:35] Order from client 9 at location (6, 12)
[06-06-2024 15:13:38] Order cooked and placed in oven.
[06-06-2024 15:13:38] Order cooked and placed in oven.
[06-06-2024 15:13:38] Order cooked and placed in oven.
[06-06-2024 15:13:38] Order cooked and placed in oven.
[06-06-2024 15:13:43] Order delivered.
[06-06-2024 15:13:43] Order delivered.
[06-06-2024 15:13:43] Order delivered.
[06-06-2024 15:15:05] Server shutting down...
